============================================================================================== 
Warning! Mixing Conda and module environments may lead to corruption of the
user environment. 
We do not recommend users mixing those two environments unless absolutely
necessary. Note that 
SURF does not provide any support for Conda environment.
For more information, please refer to our software policy page:
https://servicedesk.surf.nl/wiki/display/WIKI/Software+policy+Snellius#SoftwarepolicySnellius-UseofAnacondaandMinicondaenvironmentsonSnellius 

Remember that many packages have already been installed on the system and can
be loaded using 
the 'module load <package__name>' command. If you are uncertain if a package is
already available 
on the system, please use 'module avail' or 'module spider' to search for it.
============================================================================================== 
Channels:
 - pytorch
 - nvidia
 - conda-forge
 - defaults
Platform: linux-64
Collecting package metadata (repodata.json): ...working... done
Solving environment: ...working... done

Downloading and Extracting Packages: ...working... done
Preparing transaction: ...working... done
Verifying transaction: ...working... done
Executing transaction: ...working... done
Installing pip dependencies: ...working... Ran pip subprocess with arguments:
['/home/ddgraaf/.conda/envs/ecg/bin/python', '-m', 'pip', 'install', '-U', '-r', '/gpfs/home1/ddgraaf/ssl-ecg-quality/condaenv.esx1575g.requirements.txt', '--exists-action=b']
Pip subprocess output:
Collecting pytorch-lightning==2.4.0 (from -r /gpfs/home1/ddgraaf/ssl-ecg-quality/condaenv.esx1575g.requirements.txt (line 1))
  Downloading pytorch_lightning-2.4.0-py3-none-any.whl.metadata (21 kB)
Collecting tensorboard==2.17.1 (from -r /gpfs/home1/ddgraaf/ssl-ecg-quality/condaenv.esx1575g.requirements.txt (line 2))
  Downloading tensorboard-2.17.1-py3-none-any.whl.metadata (1.6 kB)
Collecting tabulate>=0.9.0 (from -r /gpfs/home1/ddgraaf/ssl-ecg-quality/condaenv.esx1575g.requirements.txt (line 3))
  Downloading tabulate-0.9.0-py3-none-any.whl.metadata (34 kB)
Collecting tqdm>=4.66.5 (from -r /gpfs/home1/ddgraaf/ssl-ecg-quality/condaenv.esx1575g.requirements.txt (line 4))
  Downloading tqdm-4.67.1-py3-none-any.whl.metadata (57 kB)
Requirement already satisfied: pillow>=10.4.0 in /home/ddgraaf/.conda/envs/ecg/lib/python3.12/site-packages (from -r /gpfs/home1/ddgraaf/ssl-ecg-quality/condaenv.esx1575g.requirements.txt (line 5)) (11.1.0)
Collecting notebook>=7.2.2 (from -r /gpfs/home1/ddgraaf/ssl-ecg-quality/condaenv.esx1575g.requirements.txt (line 6))
  Downloading notebook-7.3.3-py3-none-any.whl.metadata (10 kB)
Collecting jupyterlab>=4.2.5 (from -r /gpfs/home1/ddgraaf/ssl-ecg-quality/condaenv.esx1575g.requirements.txt (line 7))
  Downloading jupyterlab-4.4.0-py3-none-any.whl.metadata (16 kB)
Collecting matplotlib>=3.9.2 (from -r /gpfs/home1/ddgraaf/ssl-ecg-quality/condaenv.esx1575g.requirements.txt (line 8))
  Downloading matplotlib-3.10.1-cp312-cp312-manylinux_2_17_x86_64.manylinux2014_x86_64.whl.metadata (11 kB)
Collecting seaborn>=0.13.2 (from -r /gpfs/home1/ddgraaf/ssl-ecg-quality/condaenv.esx1575g.requirements.txt (line 9))
  Downloading seaborn-0.13.2-py3-none-any.whl.metadata (5.4 kB)
Collecting ipywidgets>=8.1.2 (from -r /gpfs/home1/ddgraaf/ssl-ecg-quality/condaenv.esx1575g.requirements.txt (line 10))
  Downloading ipywidgets-8.1.5-py3-none-any.whl.metadata (2.3 kB)
Requirement already satisfied: torch>=2.1.0 in /home/ddgraaf/.conda/envs/ecg/lib/python3.12/site-packages (from pytorch-lightning==2.4.0->-r /gpfs/home1/ddgraaf/ssl-ecg-quality/condaenv.esx1575g.requirements.txt (line 1)) (2.5.0)
Requirement already satisfied: PyYAML>=5.4 in /home/ddgraaf/.conda/envs/ecg/lib/python3.12/site-packages (from pytorch-lightning==2.4.0->-r /gpfs/home1/ddgraaf/ssl-ecg-quality/condaenv.esx1575g.requirements.txt (line 1)) (6.0.2)
Collecting fsspec>=2022.5.0 (from fsspec[http]>=2022.5.0->pytorch-lightning==2.4.0->-r /gpfs/home1/ddgraaf/ssl-ecg-quality/condaenv.esx1575g.requirements.txt (line 1))
  Downloading fsspec-2025.3.2-py3-none-any.whl.metadata (11 kB)
Collecting torchmetrics>=0.7.0 (from pytorch-lightning==2.4.0->-r /gpfs/home1/ddgraaf/ssl-ecg-quality/condaenv.esx1575g.requirements.txt (line 1))
  Downloading torchmetrics-1.7.0-py3-none-any.whl.metadata (21 kB)
Collecting packaging>=20.0 (from pytorch-lightning==2.4.0->-r /gpfs/home1/ddgraaf/ssl-ecg-quality/condaenv.esx1575g.requirements.txt (line 1))
  Downloading packaging-24.2-py3-none-any.whl.metadata (3.2 kB)
Requirement already satisfied: typing-extensions>=4.4.0 in /home/ddgraaf/.conda/envs/ecg/lib/python3.12/site-packages (from pytorch-lightning==2.4.0->-r /gpfs/home1/ddgraaf/ssl-ecg-quality/condaenv.esx1575g.requirements.txt (line 1)) (4.13.1)
Collecting lightning-utilities>=0.10.0 (from pytorch-lightning==2.4.0->-r /gpfs/home1/ddgraaf/ssl-ecg-quality/condaenv.esx1575g.requirements.txt (line 1))
  Downloading lightning_utilities-0.14.3-py3-none-any.whl.metadata (5.6 kB)
Collecting absl-py>=0.4 (from tensorboard==2.17.1->-r /gpfs/home1/ddgraaf/ssl-ecg-quality/condaenv.esx1575g.requirements.txt (line 2))
  Downloading absl_py-2.2.2-py3-none-any.whl.metadata (2.6 kB)
Collecting grpcio>=1.48.2 (from tensorboard==2.17.1->-r /gpfs/home1/ddgraaf/ssl-ecg-quality/condaenv.esx1575g.requirements.txt (line 2))
  Downloading grpcio-1.71.0-cp312-cp312-manylinux_2_17_x86_64.manylinux2014_x86_64.whl.metadata (3.8 kB)
Collecting markdown>=2.6.8 (from tensorboard==2.17.1->-r /gpfs/home1/ddgraaf/ssl-ecg-quality/condaenv.esx1575g.requirements.txt (line 2))
  Downloading Markdown-3.7-py3-none-any.whl.metadata (7.0 kB)
Requirement already satisfied: numpy>=1.12.0 in /home/ddgraaf/.conda/envs/ecg/lib/python3.12/site-packages (from tensorboard==2.17.1->-r /gpfs/home1/ddgraaf/ssl-ecg-quality/condaenv.esx1575g.requirements.txt (line 2)) (2.2.4)
Collecting protobuf!=4.24.0,>=3.19.6 (from tensorboard==2.17.1->-r /gpfs/home1/ddgraaf/ssl-ecg-quality/condaenv.esx1575g.requirements.txt (line 2))
  Downloading protobuf-6.30.2-cp39-abi3-manylinux2014_x86_64.whl.metadata (593 bytes)
Requirement already satisfied: setuptools>=41.0.0 in /home/ddgraaf/.conda/envs/ecg/lib/python3.12/site-packages (from tensorboard==2.17.1->-r /gpfs/home1/ddgraaf/ssl-ecg-quality/condaenv.esx1575g.requirements.txt (line 2)) (78.1.0)
Collecting six>1.9 (from tensorboard==2.17.1->-r /gpfs/home1/ddgraaf/ssl-ecg-quality/condaenv.esx1575g.requirements.txt (line 2))
  Downloading six-1.17.0-py2.py3-none-any.whl.metadata (1.7 kB)
Collecting tensorboard-data-server<0.8.0,>=0.7.0 (from tensorboard==2.17.1->-r /gpfs/home1/ddgraaf/ssl-ecg-quality/condaenv.esx1575g.requirements.txt (line 2))
  Downloading tensorboard_data_server-0.7.2-py3-none-manylinux_2_31_x86_64.whl.metadata (1.1 kB)
Collecting werkzeug>=1.0.1 (from tensorboard==2.17.1->-r /gpfs/home1/ddgraaf/ssl-ecg-quality/condaenv.esx1575g.requirements.txt (line 2))
  Downloading werkzeug-3.1.3-py3-none-any.whl.metadata (3.7 kB)
Collecting jupyter-server<3,>=2.4.0 (from notebook>=7.2.2->-r /gpfs/home1/ddgraaf/ssl-ecg-quality/condaenv.esx1575g.requirements.txt (line 6))
  Downloading jupyter_server-2.15.0-py3-none-any.whl.metadata (8.4 kB)
Collecting jupyterlab-server<3,>=2.27.1 (from notebook>=7.2.2->-r /gpfs/home1/ddgraaf/ssl-ecg-quality/condaenv.esx1575g.requirements.txt (line 6))
  Downloading jupyterlab_server-2.27.3-py3-none-any.whl.metadata (5.9 kB)
Collecting jupyterlab>=4.2.5 (from -r /gpfs/home1/ddgraaf/ssl-ecg-quality/condaenv.esx1575g.requirements.txt (line 7))
  Downloading jupyterlab-4.3.6-py3-none-any.whl.metadata (16 kB)
Collecting notebook-shim<0.3,>=0.2 (from notebook>=7.2.2->-r /gpfs/home1/ddgraaf/ssl-ecg-quality/condaenv.esx1575g.requirements.txt (line 6))
  Downloading notebook_shim-0.2.4-py3-none-any.whl.metadata (4.0 kB)
Collecting tornado>=6.2.0 (from notebook>=7.2.2->-r /gpfs/home1/ddgraaf/ssl-ecg-quality/condaenv.esx1575g.requirements.txt (line 6))
  Downloading tornado-6.4.2-cp38-abi3-manylinux_2_5_x86_64.manylinux1_x86_64.manylinux_2_17_x86_64.manylinux2014_x86_64.whl.metadata (2.5 kB)
Collecting async-lru>=1.0.0 (from jupyterlab>=4.2.5->-r /gpfs/home1/ddgraaf/ssl-ecg-quality/condaenv.esx1575g.requirements.txt (line 7))
  Downloading async_lru-2.0.5-py3-none-any.whl.metadata (4.5 kB)
Collecting httpx>=0.25.0 (from jupyterlab>=4.2.5->-r /gpfs/home1/ddgraaf/ssl-ecg-quality/condaenv.esx1575g.requirements.txt (line 7))
  Downloading httpx-0.28.1-py3-none-any.whl.metadata (7.1 kB)
Collecting ipykernel>=6.5.0 (from jupyterlab>=4.2.5->-r /gpfs/home1/ddgraaf/ssl-ecg-quality/condaenv.esx1575g.requirements.txt (line 7))
  Downloading ipykernel-6.29.5-py3-none-any.whl.metadata (6.3 kB)
Requirement already satisfied: jinja2>=3.0.3 in /home/ddgraaf/.conda/envs/ecg/lib/python3.12/site-packages (from jupyterlab>=4.2.5->-r /gpfs/home1/ddgraaf/ssl-ecg-quality/condaenv.esx1575g.requirements.txt (line 7)) (3.1.6)
Collecting jupyter-core (from jupyterlab>=4.2.5->-r /gpfs/home1/ddgraaf/ssl-ecg-quality/condaenv.esx1575g.requirements.txt (line 7))
  Downloading jupyter_core-5.7.2-py3-none-any.whl.metadata (3.4 kB)
Collecting jupyter-lsp>=2.0.0 (from jupyterlab>=4.2.5->-r /gpfs/home1/ddgraaf/ssl-ecg-quality/condaenv.esx1575g.requirements.txt (line 7))
  Downloading jupyter_lsp-2.2.5-py3-none-any.whl.metadata (1.8 kB)
Collecting traitlets (from jupyterlab>=4.2.5->-r /gpfs/home1/ddgraaf/ssl-ecg-quality/condaenv.esx1575g.requirements.txt (line 7))
  Downloading traitlets-5.14.3-py3-none-any.whl.metadata (10 kB)
Collecting contourpy>=1.0.1 (from matplotlib>=3.9.2->-r /gpfs/home1/ddgraaf/ssl-ecg-quality/condaenv.esx1575g.requirements.txt (line 8))
  Downloading contourpy-1.3.1-cp312-cp312-manylinux_2_17_x86_64.manylinux2014_x86_64.whl.metadata (5.4 kB)
Collecting cycler>=0.10 (from matplotlib>=3.9.2->-r /gpfs/home1/ddgraaf/ssl-ecg-quality/condaenv.esx1575g.requirements.txt (line 8))
  Downloading cycler-0.12.1-py3-none-any.whl.metadata (3.8 kB)
Collecting fonttools>=4.22.0 (from matplotlib>=3.9.2->-r /gpfs/home1/ddgraaf/ssl-ecg-quality/condaenv.esx1575g.requirements.txt (line 8))
  Downloading fonttools-4.57.0-cp312-cp312-manylinux_2_5_x86_64.manylinux1_x86_64.manylinux_2_17_x86_64.manylinux2014_x86_64.whl.metadata (102 kB)
Collecting kiwisolver>=1.3.1 (from matplotlib>=3.9.2->-r /gpfs/home1/ddgraaf/ssl-ecg-quality/condaenv.esx1575g.requirements.txt (line 8))
  Downloading kiwisolver-1.4.8-cp312-cp312-manylinux_2_17_x86_64.manylinux2014_x86_64.whl.metadata (6.2 kB)
Collecting pyparsing>=2.3.1 (from matplotlib>=3.9.2->-r /gpfs/home1/ddgraaf/ssl-ecg-quality/condaenv.esx1575g.requirements.txt (line 8))
  Downloading pyparsing-3.2.3-py3-none-any.whl.metadata (5.0 kB)
Collecting python-dateutil>=2.7 (from matplotlib>=3.9.2->-r /gpfs/home1/ddgraaf/ssl-ecg-quality/condaenv.esx1575g.requirements.txt (line 8))
  Downloading python_dateutil-2.9.0.post0-py2.py3-none-any.whl.metadata (8.4 kB)
Collecting pandas>=1.2 (from seaborn>=0.13.2->-r /gpfs/home1/ddgraaf/ssl-ecg-quality/condaenv.esx1575g.requirements.txt (line 9))
  Downloading pandas-2.2.3-cp312-cp312-manylinux_2_17_x86_64.manylinux2014_x86_64.whl.metadata (89 kB)
Collecting comm>=0.1.3 (from ipywidgets>=8.1.2->-r /gpfs/home1/ddgraaf/ssl-ecg-quality/condaenv.esx1575g.requirements.txt (line 10))
  Downloading comm-0.2.2-py3-none-any.whl.metadata (3.7 kB)
Collecting ipython>=6.1.0 (from ipywidgets>=8.1.2->-r /gpfs/home1/ddgraaf/ssl-ecg-quality/condaenv.esx1575g.requirements.txt (line 10))
  Downloading ipython-9.0.2-py3-none-any.whl.metadata (4.3 kB)
Collecting widgetsnbextension~=4.0.12 (from ipywidgets>=8.1.2->-r /gpfs/home1/ddgraaf/ssl-ecg-quality/condaenv.esx1575g.requirements.txt (line 10))
  Downloading widgetsnbextension-4.0.13-py3-none-any.whl.metadata (1.6 kB)
Collecting jupyterlab-widgets~=3.0.12 (from ipywidgets>=8.1.2->-r /gpfs/home1/ddgraaf/ssl-ecg-quality/condaenv.esx1575g.requirements.txt (line 10))
  Downloading jupyterlab_widgets-3.0.13-py3-none-any.whl.metadata (4.1 kB)
Collecting aiohttp!=4.0.0a0,!=4.0.0a1 (from fsspec[http]>=2022.5.0->pytorch-lightning==2.4.0->-r /gpfs/home1/ddgraaf/ssl-ecg-quality/condaenv.esx1575g.requirements.txt (line 1))
  Downloading aiohttp-3.11.16-cp312-cp312-manylinux_2_17_x86_64.manylinux2014_x86_64.whl.metadata (7.7 kB)
Collecting anyio (from httpx>=0.25.0->jupyterlab>=4.2.5->-r /gpfs/home1/ddgraaf/ssl-ecg-quality/condaenv.esx1575g.requirements.txt (line 7))
  Downloading anyio-4.9.0-py3-none-any.whl.metadata (4.7 kB)
Requirement already satisfied: certifi in /home/ddgraaf/.conda/envs/ecg/lib/python3.12/site-packages (from httpx>=0.25.0->jupyterlab>=4.2.5->-r /gpfs/home1/ddgraaf/ssl-ecg-quality/condaenv.esx1575g.requirements.txt (line 7)) (2025.1.31)
Collecting httpcore==1.* (from httpx>=0.25.0->jupyterlab>=4.2.5->-r /gpfs/home1/ddgraaf/ssl-ecg-quality/condaenv.esx1575g.requirements.txt (line 7))
  Downloading httpcore-1.0.7-py3-none-any.whl.metadata (21 kB)
Requirement already satisfied: idna in /home/ddgraaf/.conda/envs/ecg/lib/python3.12/site-packages (from httpx>=0.25.0->jupyterlab>=4.2.5->-r /gpfs/home1/ddgraaf/ssl-ecg-quality/condaenv.esx1575g.requirements.txt (line 7)) (3.10)
Collecting h11<0.15,>=0.13 (from httpcore==1.*->httpx>=0.25.0->jupyterlab>=4.2.5->-r /gpfs/home1/ddgraaf/ssl-ecg-quality/condaenv.esx1575g.requirements.txt (line 7))
  Downloading h11-0.14.0-py3-none-any.whl.metadata (8.2 kB)
Collecting debugpy>=1.6.5 (from ipykernel>=6.5.0->jupyterlab>=4.2.5->-r /gpfs/home1/ddgraaf/ssl-ecg-quality/condaenv.esx1575g.requirements.txt (line 7))
  Downloading debugpy-1.8.13-cp312-cp312-manylinux_2_5_x86_64.manylinux1_x86_64.manylinux_2_17_x86_64.manylinux2014_x86_64.whl.metadata (1.3 kB)
Collecting jupyter-client>=6.1.12 (from ipykernel>=6.5.0->jupyterlab>=4.2.5->-r /gpfs/home1/ddgraaf/ssl-ecg-quality/condaenv.esx1575g.requirements.txt (line 7))
  Downloading jupyter_client-8.6.3-py3-none-any.whl.metadata (8.3 kB)
Collecting matplotlib-inline>=0.1 (from ipykernel>=6.5.0->jupyterlab>=4.2.5->-r /gpfs/home1/ddgraaf/ssl-ecg-quality/condaenv.esx1575g.requirements.txt (line 7))
  Downloading matplotlib_inline-0.1.7-py3-none-any.whl.metadata (3.9 kB)
Collecting nest-asyncio (from ipykernel>=6.5.0->jupyterlab>=4.2.5->-r /gpfs/home1/ddgraaf/ssl-ecg-quality/condaenv.esx1575g.requirements.txt (line 7))
  Downloading nest_asyncio-1.6.0-py3-none-any.whl.metadata (2.8 kB)
Collecting psutil (from ipykernel>=6.5.0->jupyterlab>=4.2.5->-r /gpfs/home1/ddgraaf/ssl-ecg-quality/condaenv.esx1575g.requirements.txt (line 7))
  Downloading psutil-7.0.0-cp36-abi3-manylinux_2_12_x86_64.manylinux2010_x86_64.manylinux_2_17_x86_64.manylinux2014_x86_64.whl.metadata (22 kB)
Collecting pyzmq>=24 (from ipykernel>=6.5.0->jupyterlab>=4.2.5->-r /gpfs/home1/ddgraaf/ssl-ecg-quality/condaenv.esx1575g.requirements.txt (line 7))
  Downloading pyzmq-26.4.0-cp312-cp312-manylinux_2_28_x86_64.whl.metadata (6.0 kB)
Collecting decorator (from ipython>=6.1.0->ipywidgets>=8.1.2->-r /gpfs/home1/ddgraaf/ssl-ecg-quality/condaenv.esx1575g.requirements.txt (line 10))
  Downloading decorator-5.2.1-py3-none-any.whl.metadata (3.9 kB)
Collecting ipython-pygments-lexers (from ipython>=6.1.0->ipywidgets>=8.1.2->-r /gpfs/home1/ddgraaf/ssl-ecg-quality/condaenv.esx1575g.requirements.txt (line 10))
  Downloading ipython_pygments_lexers-1.1.1-py3-none-any.whl.metadata (1.1 kB)
Collecting jedi>=0.16 (from ipython>=6.1.0->ipywidgets>=8.1.2->-r /gpfs/home1/ddgraaf/ssl-ecg-quality/condaenv.esx1575g.requirements.txt (line 10))
  Downloading jedi-0.19.2-py2.py3-none-any.whl.metadata (22 kB)
Collecting pexpect>4.3 (from ipython>=6.1.0->ipywidgets>=8.1.2->-r /gpfs/home1/ddgraaf/ssl-ecg-quality/condaenv.esx1575g.requirements.txt (line 10))
  Downloading pexpect-4.9.0-py2.py3-none-any.whl.metadata (2.5 kB)
Collecting prompt_toolkit<3.1.0,>=3.0.41 (from ipython>=6.1.0->ipywidgets>=8.1.2->-r /gpfs/home1/ddgraaf/ssl-ecg-quality/condaenv.esx1575g.requirements.txt (line 10))
  Downloading prompt_toolkit-3.0.50-py3-none-any.whl.metadata (6.6 kB)
Collecting pygments>=2.4.0 (from ipython>=6.1.0->ipywidgets>=8.1.2->-r /gpfs/home1/ddgraaf/ssl-ecg-quality/condaenv.esx1575g.requirements.txt (line 10))
  Downloading pygments-2.19.1-py3-none-any.whl.metadata (2.5 kB)
Collecting stack_data (from ipython>=6.1.0->ipywidgets>=8.1.2->-r /gpfs/home1/ddgraaf/ssl-ecg-quality/condaenv.esx1575g.requirements.txt (line 10))
  Downloading stack_data-0.6.3-py3-none-any.whl.metadata (18 kB)
Requirement already satisfied: MarkupSafe>=2.0 in /home/ddgraaf/.conda/envs/ecg/lib/python3.12/site-packages (from jinja2>=3.0.3->jupyterlab>=4.2.5->-r /gpfs/home1/ddgraaf/ssl-ecg-quality/condaenv.esx1575g.requirements.txt (line 7)) (3.0.2)
Collecting platformdirs>=2.5 (from jupyter-core->jupyterlab>=4.2.5->-r /gpfs/home1/ddgraaf/ssl-ecg-quality/condaenv.esx1575g.requirements.txt (line 7))
  Downloading platformdirs-4.3.7-py3-none-any.whl.metadata (11 kB)
Collecting argon2-cffi>=21.1 (from jupyter-server<3,>=2.4.0->notebook>=7.2.2->-r /gpfs/home1/ddgraaf/ssl-ecg-quality/condaenv.esx1575g.requirements.txt (line 6))
  Downloading argon2_cffi-23.1.0-py3-none-any.whl.metadata (5.2 kB)
Collecting jupyter-events>=0.11.0 (from jupyter-server<3,>=2.4.0->notebook>=7.2.2->-r /gpfs/home1/ddgraaf/ssl-ecg-quality/condaenv.esx1575g.requirements.txt (line 6))
  Downloading jupyter_events-0.12.0-py3-none-any.whl.metadata (5.8 kB)
Collecting jupyter-server-terminals>=0.4.4 (from jupyter-server<3,>=2.4.0->notebook>=7.2.2->-r /gpfs/home1/ddgraaf/ssl-ecg-quality/condaenv.esx1575g.requirements.txt (line 6))
  Downloading jupyter_server_terminals-0.5.3-py3-none-any.whl.metadata (5.6 kB)
Collecting nbconvert>=6.4.4 (from jupyter-server<3,>=2.4.0->notebook>=7.2.2->-r /gpfs/home1/ddgraaf/ssl-ecg-quality/condaenv.esx1575g.requirements.txt (line 6))
  Downloading nbconvert-7.16.6-py3-none-any.whl.metadata (8.5 kB)
Collecting nbformat>=5.3.0 (from jupyter-server<3,>=2.4.0->notebook>=7.2.2->-r /gpfs/home1/ddgraaf/ssl-ecg-quality/condaenv.esx1575g.requirements.txt (line 6))
  Downloading nbformat-5.10.4-py3-none-any.whl.metadata (3.6 kB)
Collecting overrides>=5.0 (from jupyter-server<3,>=2.4.0->notebook>=7.2.2->-r /gpfs/home1/ddgraaf/ssl-ecg-quality/condaenv.esx1575g.requirements.txt (line 6))
  Downloading overrides-7.7.0-py3-none-any.whl.metadata (5.8 kB)
Collecting prometheus-client>=0.9 (from jupyter-server<3,>=2.4.0->notebook>=7.2.2->-r /gpfs/home1/ddgraaf/ssl-ecg-quality/condaenv.esx1575g.requirements.txt (line 6))
  Downloading prometheus_client-0.21.1-py3-none-any.whl.metadata (1.8 kB)
Collecting send2trash>=1.8.2 (from jupyter-server<3,>=2.4.0->notebook>=7.2.2->-r /gpfs/home1/ddgraaf/ssl-ecg-quality/condaenv.esx1575g.requirements.txt (line 6))
  Downloading Send2Trash-1.8.3-py3-none-any.whl.metadata (4.0 kB)
Collecting terminado>=0.8.3 (from jupyter-server<3,>=2.4.0->notebook>=7.2.2->-r /gpfs/home1/ddgraaf/ssl-ecg-quality/condaenv.esx1575g.requirements.txt (line 6))
  Downloading terminado-0.18.1-py3-none-any.whl.metadata (5.8 kB)
Collecting websocket-client>=1.7 (from jupyter-server<3,>=2.4.0->notebook>=7.2.2->-r /gpfs/home1/ddgraaf/ssl-ecg-quality/condaenv.esx1575g.requirements.txt (line 6))
  Downloading websocket_client-1.8.0-py3-none-any.whl.metadata (8.0 kB)
Collecting babel>=2.10 (from jupyterlab-server<3,>=2.27.1->notebook>=7.2.2->-r /gpfs/home1/ddgraaf/ssl-ecg-quality/condaenv.esx1575g.requirements.txt (line 6))
  Downloading babel-2.17.0-py3-none-any.whl.metadata (2.0 kB)
Collecting json5>=0.9.0 (from jupyterlab-server<3,>=2.27.1->notebook>=7.2.2->-r /gpfs/home1/ddgraaf/ssl-ecg-quality/condaenv.esx1575g.requirements.txt (line 6))
  Downloading json5-0.12.0-py3-none-any.whl.metadata (36 kB)
Collecting jsonschema>=4.18.0 (from jupyterlab-server<3,>=2.27.1->notebook>=7.2.2->-r /gpfs/home1/ddgraaf/ssl-ecg-quality/condaenv.esx1575g.requirements.txt (line 6))
  Downloading jsonschema-4.23.0-py3-none-any.whl.metadata (7.9 kB)
Requirement already satisfied: requests>=2.31 in /home/ddgraaf/.conda/envs/ecg/lib/python3.12/site-packages (from jupyterlab-server<3,>=2.27.1->notebook>=7.2.2->-r /gpfs/home1/ddgraaf/ssl-ecg-quality/condaenv.esx1575g.requirements.txt (line 6)) (2.32.3)
Collecting pytz>=2020.1 (from pandas>=1.2->seaborn>=0.13.2->-r /gpfs/home1/ddgraaf/ssl-ecg-quality/condaenv.esx1575g.requirements.txt (line 9))
  Downloading pytz-2025.2-py2.py3-none-any.whl.metadata (22 kB)
Collecting tzdata>=2022.7 (from pandas>=1.2->seaborn>=0.13.2->-r /gpfs/home1/ddgraaf/ssl-ecg-quality/condaenv.esx1575g.requirements.txt (line 9))
  Downloading tzdata-2025.2-py2.py3-none-any.whl.metadata (1.4 kB)
Requirement already satisfied: filelock in /home/ddgraaf/.conda/envs/ecg/lib/python3.12/site-packages (from torch>=2.1.0->pytorch-lightning==2.4.0->-r /gpfs/home1/ddgraaf/ssl-ecg-quality/condaenv.esx1575g.requirements.txt (line 1)) (3.18.0)
Collecting sympy==1.13.1 (from torch>=2.1.0->pytorch-lightning==2.4.0->-r /gpfs/home1/ddgraaf/ssl-ecg-quality/condaenv.esx1575g.requirements.txt (line 1))
  Downloading sympy-1.13.1-py3-none-any.whl.metadata (12 kB)
Requirement already satisfied: networkx in /home/ddgraaf/.conda/envs/ecg/lib/python3.12/site-packages (from torch>=2.1.0->pytorch-lightning==2.4.0->-r /gpfs/home1/ddgraaf/ssl-ecg-quality/condaenv.esx1575g.requirements.txt (line 1)) (3.4.2)
Requirement already satisfied: mpmath<1.4,>=1.1.0 in /home/ddgraaf/.conda/envs/ecg/lib/python3.12/site-packages (from sympy==1.13.1->torch>=2.1.0->pytorch-lightning==2.4.0->-r /gpfs/home1/ddgraaf/ssl-ecg-quality/condaenv.esx1575g.requirements.txt (line 1)) (1.3.0)
Collecting aiohappyeyeballs>=2.3.0 (from aiohttp!=4.0.0a0,!=4.0.0a1->fsspec[http]>=2022.5.0->pytorch-lightning==2.4.0->-r /gpfs/home1/ddgraaf/ssl-ecg-quality/condaenv.esx1575g.requirements.txt (line 1))
  Downloading aiohappyeyeballs-2.6.1-py3-none-any.whl.metadata (5.9 kB)
Collecting aiosignal>=1.1.2 (from aiohttp!=4.0.0a0,!=4.0.0a1->fsspec[http]>=2022.5.0->pytorch-lightning==2.4.0->-r /gpfs/home1/ddgraaf/ssl-ecg-quality/condaenv.esx1575g.requirements.txt (line 1))
  Downloading aiosignal-1.3.2-py2.py3-none-any.whl.metadata (3.8 kB)
Collecting attrs>=17.3.0 (from aiohttp!=4.0.0a0,!=4.0.0a1->fsspec[http]>=2022.5.0->pytorch-lightning==2.4.0->-r /gpfs/home1/ddgraaf/ssl-ecg-quality/condaenv.esx1575g.requirements.txt (line 1))
  Downloading attrs-25.3.0-py3-none-any.whl.metadata (10 kB)
Collecting frozenlist>=1.1.1 (from aiohttp!=4.0.0a0,!=4.0.0a1->fsspec[http]>=2022.5.0->pytorch-lightning==2.4.0->-r /gpfs/home1/ddgraaf/ssl-ecg-quality/condaenv.esx1575g.requirements.txt (line 1))
  Downloading frozenlist-1.5.0-cp312-cp312-manylinux_2_5_x86_64.manylinux1_x86_64.manylinux_2_17_x86_64.manylinux2014_x86_64.whl.metadata (13 kB)
Collecting multidict<7.0,>=4.5 (from aiohttp!=4.0.0a0,!=4.0.0a1->fsspec[http]>=2022.5.0->pytorch-lightning==2.4.0->-r /gpfs/home1/ddgraaf/ssl-ecg-quality/condaenv.esx1575g.requirements.txt (line 1))
  Downloading multidict-6.3.2-cp312-cp312-manylinux_2_17_x86_64.manylinux2014_x86_64.whl.metadata (5.1 kB)
Collecting propcache>=0.2.0 (from aiohttp!=4.0.0a0,!=4.0.0a1->fsspec[http]>=2022.5.0->pytorch-lightning==2.4.0->-r /gpfs/home1/ddgraaf/ssl-ecg-quality/condaenv.esx1575g.requirements.txt (line 1))
  Downloading propcache-0.3.1-cp312-cp312-manylinux_2_17_x86_64.manylinux2014_x86_64.whl.metadata (10 kB)
Collecting yarl<2.0,>=1.17.0 (from aiohttp!=4.0.0a0,!=4.0.0a1->fsspec[http]>=2022.5.0->pytorch-lightning==2.4.0->-r /gpfs/home1/ddgraaf/ssl-ecg-quality/condaenv.esx1575g.requirements.txt (line 1))
  Downloading yarl-1.19.0-cp312-cp312-manylinux_2_17_x86_64.manylinux2014_x86_64.whl.metadata (71 kB)
Collecting sniffio>=1.1 (from anyio->httpx>=0.25.0->jupyterlab>=4.2.5->-r /gpfs/home1/ddgraaf/ssl-ecg-quality/condaenv.esx1575g.requirements.txt (line 7))
  Downloading sniffio-1.3.1-py3-none-any.whl.metadata (3.9 kB)
Collecting argon2-cffi-bindings (from argon2-cffi>=21.1->jupyter-server<3,>=2.4.0->notebook>=7.2.2->-r /gpfs/home1/ddgraaf/ssl-ecg-quality/condaenv.esx1575g.requirements.txt (line 6))
  Downloading argon2_cffi_bindings-21.2.0-cp36-abi3-manylinux_2_17_x86_64.manylinux2014_x86_64.whl.metadata (6.7 kB)
Collecting parso<0.9.0,>=0.8.4 (from jedi>=0.16->ipython>=6.1.0->ipywidgets>=8.1.2->-r /gpfs/home1/ddgraaf/ssl-ecg-quality/condaenv.esx1575g.requirements.txt (line 10))
  Downloading parso-0.8.4-py2.py3-none-any.whl.metadata (7.7 kB)
Collecting jsonschema-specifications>=2023.03.6 (from jsonschema>=4.18.0->jupyterlab-server<3,>=2.27.1->notebook>=7.2.2->-r /gpfs/home1/ddgraaf/ssl-ecg-quality/condaenv.esx1575g.requirements.txt (line 6))
  Downloading jsonschema_specifications-2024.10.1-py3-none-any.whl.metadata (3.0 kB)
Collecting referencing>=0.28.4 (from jsonschema>=4.18.0->jupyterlab-server<3,>=2.27.1->notebook>=7.2.2->-r /gpfs/home1/ddgraaf/ssl-ecg-quality/condaenv.esx1575g.requirements.txt (line 6))
  Downloading referencing-0.36.2-py3-none-any.whl.metadata (2.8 kB)
Collecting rpds-py>=0.7.1 (from jsonschema>=4.18.0->jupyterlab-server<3,>=2.27.1->notebook>=7.2.2->-r /gpfs/home1/ddgraaf/ssl-ecg-quality/condaenv.esx1575g.requirements.txt (line 6))
  Downloading rpds_py-0.24.0-cp312-cp312-manylinux_2_17_x86_64.manylinux2014_x86_64.whl.metadata (4.1 kB)
Collecting python-json-logger>=2.0.4 (from jupyter-events>=0.11.0->jupyter-server<3,>=2.4.0->notebook>=7.2.2->-r /gpfs/home1/ddgraaf/ssl-ecg-quality/condaenv.esx1575g.requirements.txt (line 6))
  Downloading python_json_logger-3.3.0-py3-none-any.whl.metadata (4.0 kB)
Collecting rfc3339-validator (from jupyter-events>=0.11.0->jupyter-server<3,>=2.4.0->notebook>=7.2.2->-r /gpfs/home1/ddgraaf/ssl-ecg-quality/condaenv.esx1575g.requirements.txt (line 6))
  Downloading rfc3339_validator-0.1.4-py2.py3-none-any.whl.metadata (1.5 kB)
Collecting rfc3986-validator>=0.1.1 (from jupyter-events>=0.11.0->jupyter-server<3,>=2.4.0->notebook>=7.2.2->-r /gpfs/home1/ddgraaf/ssl-ecg-quality/condaenv.esx1575g.requirements.txt (line 6))
  Downloading rfc3986_validator-0.1.1-py2.py3-none-any.whl.metadata (1.7 kB)
Collecting beautifulsoup4 (from nbconvert>=6.4.4->jupyter-server<3,>=2.4.0->notebook>=7.2.2->-r /gpfs/home1/ddgraaf/ssl-ecg-quality/condaenv.esx1575g.requirements.txt (line 6))
  Downloading beautifulsoup4-4.13.3-py3-none-any.whl.metadata (3.8 kB)
Collecting bleach!=5.0.0 (from bleach[css]!=5.0.0->nbconvert>=6.4.4->jupyter-server<3,>=2.4.0->notebook>=7.2.2->-r /gpfs/home1/ddgraaf/ssl-ecg-quality/condaenv.esx1575g.requirements.txt (line 6))
  Downloading bleach-6.2.0-py3-none-any.whl.metadata (30 kB)
Collecting defusedxml (from nbconvert>=6.4.4->jupyter-server<3,>=2.4.0->notebook>=7.2.2->-r /gpfs/home1/ddgraaf/ssl-ecg-quality/condaenv.esx1575g.requirements.txt (line 6))
  Downloading defusedxml-0.7.1-py2.py3-none-any.whl.metadata (32 kB)
Collecting jupyterlab-pygments (from nbconvert>=6.4.4->jupyter-server<3,>=2.4.0->notebook>=7.2.2->-r /gpfs/home1/ddgraaf/ssl-ecg-quality/condaenv.esx1575g.requirements.txt (line 6))
  Downloading jupyterlab_pygments-0.3.0-py3-none-any.whl.metadata (4.4 kB)
Collecting mistune<4,>=2.0.3 (from nbconvert>=6.4.4->jupyter-server<3,>=2.4.0->notebook>=7.2.2->-r /gpfs/home1/ddgraaf/ssl-ecg-quality/condaenv.esx1575g.requirements.txt (line 6))
  Downloading mistune-3.1.3-py3-none-any.whl.metadata (1.8 kB)
Collecting nbclient>=0.5.0 (from nbconvert>=6.4.4->jupyter-server<3,>=2.4.0->notebook>=7.2.2->-r /gpfs/home1/ddgraaf/ssl-ecg-quality/condaenv.esx1575g.requirements.txt (line 6))
  Downloading nbclient-0.10.2-py3-none-any.whl.metadata (8.3 kB)
Collecting pandocfilters>=1.4.1 (from nbconvert>=6.4.4->jupyter-server<3,>=2.4.0->notebook>=7.2.2->-r /gpfs/home1/ddgraaf/ssl-ecg-quality/condaenv.esx1575g.requirements.txt (line 6))
  Downloading pandocfilters-1.5.1-py2.py3-none-any.whl.metadata (9.0 kB)
Collecting fastjsonschema>=2.15 (from nbformat>=5.3.0->jupyter-server<3,>=2.4.0->notebook>=7.2.2->-r /gpfs/home1/ddgraaf/ssl-ecg-quality/condaenv.esx1575g.requirements.txt (line 6))
  Downloading fastjsonschema-2.21.1-py3-none-any.whl.metadata (2.2 kB)
Collecting ptyprocess>=0.5 (from pexpect>4.3->ipython>=6.1.0->ipywidgets>=8.1.2->-r /gpfs/home1/ddgraaf/ssl-ecg-quality/condaenv.esx1575g.requirements.txt (line 10))
  Downloading ptyprocess-0.7.0-py2.py3-none-any.whl.metadata (1.3 kB)
Collecting wcwidth (from prompt_toolkit<3.1.0,>=3.0.41->ipython>=6.1.0->ipywidgets>=8.1.2->-r /gpfs/home1/ddgraaf/ssl-ecg-quality/condaenv.esx1575g.requirements.txt (line 10))
  Downloading wcwidth-0.2.13-py2.py3-none-any.whl.metadata (14 kB)
Requirement already satisfied: charset_normalizer<4,>=2 in /home/ddgraaf/.conda/envs/ecg/lib/python3.12/site-packages (from requests>=2.31->jupyterlab-server<3,>=2.27.1->notebook>=7.2.2->-r /gpfs/home1/ddgraaf/ssl-ecg-quality/condaenv.esx1575g.requirements.txt (line 6)) (3.4.1)
Requirement already satisfied: urllib3<3,>=1.21.1 in /home/ddgraaf/.conda/envs/ecg/lib/python3.12/site-packages (from requests>=2.31->jupyterlab-server<3,>=2.27.1->notebook>=7.2.2->-r /gpfs/home1/ddgraaf/ssl-ecg-quality/condaenv.esx1575g.requirements.txt (line 6)) (2.3.0)
Collecting executing>=1.2.0 (from stack_data->ipython>=6.1.0->ipywidgets>=8.1.2->-r /gpfs/home1/ddgraaf/ssl-ecg-quality/condaenv.esx1575g.requirements.txt (line 10))
  Downloading executing-2.2.0-py2.py3-none-any.whl.metadata (8.9 kB)
Collecting asttokens>=2.1.0 (from stack_data->ipython>=6.1.0->ipywidgets>=8.1.2->-r /gpfs/home1/ddgraaf/ssl-ecg-quality/condaenv.esx1575g.requirements.txt (line 10))
  Downloading asttokens-3.0.0-py3-none-any.whl.metadata (4.7 kB)
Collecting pure-eval (from stack_data->ipython>=6.1.0->ipywidgets>=8.1.2->-r /gpfs/home1/ddgraaf/ssl-ecg-quality/condaenv.esx1575g.requirements.txt (line 10))
  Downloading pure_eval-0.2.3-py3-none-any.whl.metadata (6.3 kB)
Collecting webencodings (from bleach!=5.0.0->bleach[css]!=5.0.0->nbconvert>=6.4.4->jupyter-server<3,>=2.4.0->notebook>=7.2.2->-r /gpfs/home1/ddgraaf/ssl-ecg-quality/condaenv.esx1575g.requirements.txt (line 6))
  Downloading webencodings-0.5.1-py2.py3-none-any.whl.metadata (2.1 kB)
Collecting tinycss2<1.5,>=1.1.0 (from bleach[css]!=5.0.0->nbconvert>=6.4.4->jupyter-server<3,>=2.4.0->notebook>=7.2.2->-r /gpfs/home1/ddgraaf/ssl-ecg-quality/condaenv.esx1575g.requirements.txt (line 6))
  Downloading tinycss2-1.4.0-py3-none-any.whl.metadata (3.0 kB)
Collecting fqdn (from jsonschema[format-nongpl]>=4.18.0->jupyter-events>=0.11.0->jupyter-server<3,>=2.4.0->notebook>=7.2.2->-r /gpfs/home1/ddgraaf/ssl-ecg-quality/condaenv.esx1575g.requirements.txt (line 6))
  Downloading fqdn-1.5.1-py3-none-any.whl.metadata (1.4 kB)
Collecting isoduration (from jsonschema[format-nongpl]>=4.18.0->jupyter-events>=0.11.0->jupyter-server<3,>=2.4.0->notebook>=7.2.2->-r /gpfs/home1/ddgraaf/ssl-ecg-quality/condaenv.esx1575g.requirements.txt (line 6))
  Downloading isoduration-20.11.0-py3-none-any.whl.metadata (5.7 kB)
Collecting jsonpointer>1.13 (from jsonschema[format-nongpl]>=4.18.0->jupyter-events>=0.11.0->jupyter-server<3,>=2.4.0->notebook>=7.2.2->-r /gpfs/home1/ddgraaf/ssl-ecg-quality/condaenv.esx1575g.requirements.txt (line 6))
  Downloading jsonpointer-3.0.0-py2.py3-none-any.whl.metadata (2.3 kB)
Collecting uri-template (from jsonschema[format-nongpl]>=4.18.0->jupyter-events>=0.11.0->jupyter-server<3,>=2.4.0->notebook>=7.2.2->-r /gpfs/home1/ddgraaf/ssl-ecg-quality/condaenv.esx1575g.requirements.txt (line 6))
  Downloading uri_template-1.3.0-py3-none-any.whl.metadata (8.8 kB)
Collecting webcolors>=24.6.0 (from jsonschema[format-nongpl]>=4.18.0->jupyter-events>=0.11.0->jupyter-server<3,>=2.4.0->notebook>=7.2.2->-r /gpfs/home1/ddgraaf/ssl-ecg-quality/condaenv.esx1575g.requirements.txt (line 6))
  Downloading webcolors-24.11.1-py3-none-any.whl.metadata (2.2 kB)
Requirement already satisfied: cffi>=1.0.1 in /home/ddgraaf/.conda/envs/ecg/lib/python3.12/site-packages (from argon2-cffi-bindings->argon2-cffi>=21.1->jupyter-server<3,>=2.4.0->notebook>=7.2.2->-r /gpfs/home1/ddgraaf/ssl-ecg-quality/condaenv.esx1575g.requirements.txt (line 6)) (1.17.1)
Collecting soupsieve>1.2 (from beautifulsoup4->nbconvert>=6.4.4->jupyter-server<3,>=2.4.0->notebook>=7.2.2->-r /gpfs/home1/ddgraaf/ssl-ecg-quality/condaenv.esx1575g.requirements.txt (line 6))
  Downloading soupsieve-2.6-py3-none-any.whl.metadata (4.6 kB)
Requirement already satisfied: pycparser in /home/ddgraaf/.conda/envs/ecg/lib/python3.12/site-packages (from cffi>=1.0.1->argon2-cffi-bindings->argon2-cffi>=21.1->jupyter-server<3,>=2.4.0->notebook>=7.2.2->-r /gpfs/home1/ddgraaf/ssl-ecg-quality/condaenv.esx1575g.requirements.txt (line 6)) (2.22)
Collecting arrow>=0.15.0 (from isoduration->jsonschema[format-nongpl]>=4.18.0->jupyter-events>=0.11.0->jupyter-server<3,>=2.4.0->notebook>=7.2.2->-r /gpfs/home1/ddgraaf/ssl-ecg-quality/condaenv.esx1575g.requirements.txt (line 6))
  Downloading arrow-1.3.0-py3-none-any.whl.metadata (7.5 kB)
Collecting types-python-dateutil>=2.8.10 (from arrow>=0.15.0->isoduration->jsonschema[format-nongpl]>=4.18.0->jupyter-events>=0.11.0->jupyter-server<3,>=2.4.0->notebook>=7.2.2->-r /gpfs/home1/ddgraaf/ssl-ecg-quality/condaenv.esx1575g.requirements.txt (line 6))
  Downloading types_python_dateutil-2.9.0.20241206-py3-none-any.whl.metadata (2.1 kB)
Downloading pytorch_lightning-2.4.0-py3-none-any.whl (815 kB)
   ━━━━━━━━━━━━━━━━━━━━━━━━━━━━━━━━━━━━━━━━ 815.2/815.2 kB 50.2 MB/s eta 0:00:00
Downloading tensorboard-2.17.1-py3-none-any.whl (5.5 MB)
   ━━━━━━━━━━━━━━━━━━━━━━━━━━━━━━━━━━━━━━━━ 5.5/5.5 MB 37.5 MB/s eta 0:00:00
Downloading tabulate-0.9.0-py3-none-any.whl (35 kB)
Downloading tqdm-4.67.1-py3-none-any.whl (78 kB)
Downloading notebook-7.3.3-py3-none-any.whl (13.1 MB)
   ━━━━━━━━━━━━━━━━━━━━━━━━━━━━━━━━━━━━━━━━ 13.1/13.1 MB 208.2 MB/s eta 0:00:00
Downloading jupyterlab-4.3.6-py3-none-any.whl (11.7 MB)
   ━━━━━━━━━━━━━━━━━━━━━━━━━━━━━━━━━━━━━━━━ 11.7/11.7 MB 212.7 MB/s eta 0:00:00
Downloading matplotlib-3.10.1-cp312-cp312-manylinux_2_17_x86_64.manylinux2014_x86_64.whl (8.6 MB)
   ━━━━━━━━━━━━━━━━━━━━━━━━━━━━━━━━━━━━━━━━ 8.6/8.6 MB 188.4 MB/s eta 0:00:00
Downloading seaborn-0.13.2-py3-none-any.whl (294 kB)
Downloading ipywidgets-8.1.5-py3-none-any.whl (139 kB)
Downloading absl_py-2.2.2-py3-none-any.whl (135 kB)
Downloading async_lru-2.0.5-py3-none-any.whl (6.1 kB)
Downloading comm-0.2.2-py3-none-any.whl (7.2 kB)
Downloading contourpy-1.3.1-cp312-cp312-manylinux_2_17_x86_64.manylinux2014_x86_64.whl (323 kB)
Downloading cycler-0.12.1-py3-none-any.whl (8.3 kB)
Downloading fonttools-4.57.0-cp312-cp312-manylinux_2_5_x86_64.manylinux1_x86_64.manylinux_2_17_x86_64.manylinux2014_x86_64.whl (4.9 MB)
   ━━━━━━━━━━━━━━━━━━━━━━━━━━━━━━━━━━━━━━━━ 4.9/4.9 MB 202.8 MB/s eta 0:00:00
Downloading fsspec-2025.3.2-py3-none-any.whl (194 kB)
Downloading grpcio-1.71.0-cp312-cp312-manylinux_2_17_x86_64.manylinux2014_x86_64.whl (5.9 MB)
   ━━━━━━━━━━━━━━━━━━━━━━━━━━━━━━━━━━━━━━━━ 5.9/5.9 MB 196.1 MB/s eta 0:00:00
Downloading httpx-0.28.1-py3-none-any.whl (73 kB)
Downloading httpcore-1.0.7-py3-none-any.whl (78 kB)
Downloading ipykernel-6.29.5-py3-none-any.whl (117 kB)
Downloading ipython-9.0.2-py3-none-any.whl (600 kB)
   ━━━━━━━━━━━━━━━━━━━━━━━━━━━━━━━━━━━━━━━━ 600.5/600.5 kB 60.2 MB/s eta 0:00:00
Downloading jupyter_core-5.7.2-py3-none-any.whl (28 kB)
Downloading jupyter_lsp-2.2.5-py3-none-any.whl (69 kB)
Downloading jupyter_server-2.15.0-py3-none-any.whl (385 kB)
Downloading jupyterlab_server-2.27.3-py3-none-any.whl (59 kB)
Downloading jupyterlab_widgets-3.0.13-py3-none-any.whl (214 kB)
Downloading kiwisolver-1.4.8-cp312-cp312-manylinux_2_17_x86_64.manylinux2014_x86_64.whl (1.5 MB)
   ━━━━━━━━━━━━━━━━━━━━━━━━━━━━━━━━━━━━━━━━ 1.5/1.5 MB 127.1 MB/s eta 0:00:00
Downloading lightning_utilities-0.14.3-py3-none-any.whl (28 kB)
Downloading Markdown-3.7-py3-none-any.whl (106 kB)
Downloading notebook_shim-0.2.4-py3-none-any.whl (13 kB)
Downloading packaging-24.2-py3-none-any.whl (65 kB)
Downloading pandas-2.2.3-cp312-cp312-manylinux_2_17_x86_64.manylinux2014_x86_64.whl (12.7 MB)
   ━━━━━━━━━━━━━━━━━━━━━━━━━━━━━━━━━━━━━━━━ 12.7/12.7 MB 300.2 MB/s eta 0:00:00
Downloading protobuf-6.30.2-cp39-abi3-manylinux2014_x86_64.whl (316 kB)
Downloading pyparsing-3.2.3-py3-none-any.whl (111 kB)
Downloading python_dateutil-2.9.0.post0-py2.py3-none-any.whl (229 kB)
Downloading six-1.17.0-py2.py3-none-any.whl (11 kB)
Downloading tensorboard_data_server-0.7.2-py3-none-manylinux_2_31_x86_64.whl (6.6 MB)
   ━━━━━━━━━━━━━━━━━━━━━━━━━━━━━━━━━━━━━━━━ 6.6/6.6 MB 184.9 MB/s eta 0:00:00
Downloading sympy-1.13.1-py3-none-any.whl (6.2 MB)
   ━━━━━━━━━━━━━━━━━━━━━━━━━━━━━━━━━━━━━━━━ 6.2/6.2 MB 196.5 MB/s eta 0:00:00
Downloading torchmetrics-1.7.0-py3-none-any.whl (960 kB)
   ━━━━━━━━━━━━━━━━━━━━━━━━━━━━━━━━━━━━━━━━ 960.9/960.9 kB 93.9 MB/s eta 0:00:00
Downloading tornado-6.4.2-cp38-abi3-manylinux_2_5_x86_64.manylinux1_x86_64.manylinux_2_17_x86_64.manylinux2014_x86_64.whl (437 kB)
Downloading traitlets-5.14.3-py3-none-any.whl (85 kB)
Downloading werkzeug-3.1.3-py3-none-any.whl (224 kB)
Downloading widgetsnbextension-4.0.13-py3-none-any.whl (2.3 MB)
   ━━━━━━━━━━━━━━━━━━━━━━━━━━━━━━━━━━━━━━━━ 2.3/2.3 MB 134.5 MB/s eta 0:00:00
Downloading aiohttp-3.11.16-cp312-cp312-manylinux_2_17_x86_64.manylinux2014_x86_64.whl (1.7 MB)
   ━━━━━━━━━━━━━━━━━━━━━━━━━━━━━━━━━━━━━━━━ 1.7/1.7 MB 134.0 MB/s eta 0:00:00
Downloading anyio-4.9.0-py3-none-any.whl (100 kB)
Downloading argon2_cffi-23.1.0-py3-none-any.whl (15 kB)
Downloading babel-2.17.0-py3-none-any.whl (10.2 MB)
   ━━━━━━━━━━━━━━━━━━━━━━━━━━━━━━━━━━━━━━━━ 10.2/10.2 MB 195.8 MB/s eta 0:00:00
Downloading debugpy-1.8.13-cp312-cp312-manylinux_2_5_x86_64.manylinux1_x86_64.manylinux_2_17_x86_64.manylinux2014_x86_64.whl (4.2 MB)
   ━━━━━━━━━━━━━━━━━━━━━━━━━━━━━━━━━━━━━━━━ 4.2/4.2 MB 163.7 MB/s eta 0:00:00
Downloading jedi-0.19.2-py2.py3-none-any.whl (1.6 MB)
   ━━━━━━━━━━━━━━━━━━━━━━━━━━━━━━━━━━━━━━━━ 1.6/1.6 MB 91.3 MB/s eta 0:00:00
Downloading json5-0.12.0-py3-none-any.whl (36 kB)
Downloading jsonschema-4.23.0-py3-none-any.whl (88 kB)
Downloading jupyter_client-8.6.3-py3-none-any.whl (106 kB)
Downloading jupyter_events-0.12.0-py3-none-any.whl (19 kB)
Downloading jupyter_server_terminals-0.5.3-py3-none-any.whl (13 kB)
Downloading matplotlib_inline-0.1.7-py3-none-any.whl (9.9 kB)
Downloading nbconvert-7.16.6-py3-none-any.whl (258 kB)
Downloading nbformat-5.10.4-py3-none-any.whl (78 kB)
Downloading overrides-7.7.0-py3-none-any.whl (17 kB)
Downloading pexpect-4.9.0-py2.py3-none-any.whl (63 kB)
Downloading platformdirs-4.3.7-py3-none-any.whl (18 kB)
Downloading prometheus_client-0.21.1-py3-none-any.whl (54 kB)
Downloading prompt_toolkit-3.0.50-py3-none-any.whl (387 kB)
Downloading pygments-2.19.1-py3-none-any.whl (1.2 MB)
   ━━━━━━━━━━━━━━━━━━━━━━━━━━━━━━━━━━━━━━━━ 1.2/1.2 MB 117.1 MB/s eta 0:00:00
Downloading pytz-2025.2-py2.py3-none-any.whl (509 kB)
Downloading pyzmq-26.4.0-cp312-cp312-manylinux_2_28_x86_64.whl (855 kB)
   ━━━━━━━━━━━━━━━━━━━━━━━━━━━━━━━━━━━━━━━━ 855.9/855.9 kB 83.3 MB/s eta 0:00:00
Downloading Send2Trash-1.8.3-py3-none-any.whl (18 kB)
Downloading terminado-0.18.1-py3-none-any.whl (14 kB)
Downloading tzdata-2025.2-py2.py3-none-any.whl (347 kB)
Downloading websocket_client-1.8.0-py3-none-any.whl (58 kB)
Downloading decorator-5.2.1-py3-none-any.whl (9.2 kB)
Downloading ipython_pygments_lexers-1.1.1-py3-none-any.whl (8.1 kB)
Downloading nest_asyncio-1.6.0-py3-none-any.whl (5.2 kB)
Downloading psutil-7.0.0-cp36-abi3-manylinux_2_12_x86_64.manylinux2010_x86_64.manylinux_2_17_x86_64.manylinux2014_x86_64.whl (277 kB)
Downloading stack_data-0.6.3-py3-none-any.whl (24 kB)
Downloading aiohappyeyeballs-2.6.1-py3-none-any.whl (15 kB)
Downloading aiosignal-1.3.2-py2.py3-none-any.whl (7.6 kB)
Downloading asttokens-3.0.0-py3-none-any.whl (26 kB)
Downloading attrs-25.3.0-py3-none-any.whl (63 kB)
Downloading bleach-6.2.0-py3-none-any.whl (163 kB)
Downloading executing-2.2.0-py2.py3-none-any.whl (26 kB)
Downloading fastjsonschema-2.21.1-py3-none-any.whl (23 kB)
Downloading frozenlist-1.5.0-cp312-cp312-manylinux_2_5_x86_64.manylinux1_x86_64.manylinux_2_17_x86_64.manylinux2014_x86_64.whl (283 kB)
Downloading h11-0.14.0-py3-none-any.whl (58 kB)
Downloading jsonschema_specifications-2024.10.1-py3-none-any.whl (18 kB)
Downloading mistune-3.1.3-py3-none-any.whl (53 kB)
Downloading multidict-6.3.2-cp312-cp312-manylinux_2_17_x86_64.manylinux2014_x86_64.whl (249 kB)
Downloading nbclient-0.10.2-py3-none-any.whl (25 kB)
Downloading pandocfilters-1.5.1-py2.py3-none-any.whl (8.7 kB)
Downloading parso-0.8.4-py2.py3-none-any.whl (103 kB)
Downloading propcache-0.3.1-cp312-cp312-manylinux_2_17_x86_64.manylinux2014_x86_64.whl (245 kB)
Downloading ptyprocess-0.7.0-py2.py3-none-any.whl (13 kB)
Downloading python_json_logger-3.3.0-py3-none-any.whl (15 kB)
Downloading referencing-0.36.2-py3-none-any.whl (26 kB)
Downloading rfc3986_validator-0.1.1-py2.py3-none-any.whl (4.2 kB)
Downloading rpds_py-0.24.0-cp312-cp312-manylinux_2_17_x86_64.manylinux2014_x86_64.whl (393 kB)
Downloading sniffio-1.3.1-py3-none-any.whl (10 kB)
Downloading yarl-1.19.0-cp312-cp312-manylinux_2_17_x86_64.manylinux2014_x86_64.whl (349 kB)
Downloading argon2_cffi_bindings-21.2.0-cp36-abi3-manylinux_2_17_x86_64.manylinux2014_x86_64.whl (86 kB)
Downloading beautifulsoup4-4.13.3-py3-none-any.whl (186 kB)
Downloading defusedxml-0.7.1-py2.py3-none-any.whl (25 kB)
Downloading jupyterlab_pygments-0.3.0-py3-none-any.whl (15 kB)
Downloading pure_eval-0.2.3-py3-none-any.whl (11 kB)
Downloading rfc3339_validator-0.1.4-py2.py3-none-any.whl (3.5 kB)
Downloading wcwidth-0.2.13-py2.py3-none-any.whl (34 kB)
Downloading jsonpointer-3.0.0-py2.py3-none-any.whl (7.6 kB)
Downloading soupsieve-2.6-py3-none-any.whl (36 kB)
Downloading tinycss2-1.4.0-py3-none-any.whl (26 kB)
Downloading webcolors-24.11.1-py3-none-any.whl (14 kB)
Downloading webencodings-0.5.1-py2.py3-none-any.whl (11 kB)
Downloading fqdn-1.5.1-py3-none-any.whl (9.1 kB)
Downloading isoduration-20.11.0-py3-none-any.whl (11 kB)
Downloading uri_template-1.3.0-py3-none-any.whl (11 kB)
Downloading arrow-1.3.0-py3-none-any.whl (66 kB)
Downloading types_python_dateutil-2.9.0.20241206-py3-none-any.whl (14 kB)
Installing collected packages: webencodings, wcwidth, pytz, pure-eval, ptyprocess, fastjsonschema, widgetsnbextension, werkzeug, websocket-client, webcolors, uri-template, tzdata, types-python-dateutil, traitlets, tqdm, tornado, tinycss2, tensorboard-data-server, tabulate, sympy, soupsieve, sniffio, six, send2trash, rpds-py, rfc3986-validator, pyzmq, python-json-logger, pyparsing, pygments, psutil, protobuf, propcache, prompt_toolkit, prometheus-client, platformdirs, pexpect, parso, pandocfilters, packaging, overrides, nest-asyncio, multidict, mistune, markdown, kiwisolver, jupyterlab-widgets, jupyterlab-pygments, jsonpointer, json5, h11, grpcio, fsspec, frozenlist, fqdn, fonttools, executing, defusedxml, decorator, debugpy, cycler, contourpy, bleach, babel, attrs, async-lru, asttokens, aiohappyeyeballs, absl-py, yarl, terminado, tensorboard, stack_data, rfc3339-validator, referencing, python-dateutil, matplotlib-inline, lightning-utilities, jupyter-core, jedi, ipython-pygments-lexers, httpcore, comm, beautifulsoup4, argon2-cffi-bindings, anyio, aiosignal, torchmetrics, pandas, matplotlib, jupyter-server-terminals, jupyter-client, jsonschema-specifications, ipython, httpx, arrow, argon2-cffi, aiohttp, seaborn, jsonschema, isoduration, ipywidgets, ipykernel, pytorch-lightning, nbformat, nbclient, jupyter-events, nbconvert, jupyter-server, notebook-shim, jupyterlab-server, jupyter-lsp, jupyterlab, notebook
  Attempting uninstall: sympy
    Found existing installation: sympy 1.13.3
    Uninstalling sympy-1.13.3:
      Successfully uninstalled sympy-1.13.3
Successfully installed absl-py-2.2.2 aiohappyeyeballs-2.6.1 aiohttp-3.11.16 aiosignal-1.3.2 anyio-4.9.0 argon2-cffi-23.1.0 argon2-cffi-bindings-21.2.0 arrow-1.3.0 asttokens-3.0.0 async-lru-2.0.5 attrs-25.3.0 babel-2.17.0 beautifulsoup4-4.13.3 bleach-6.2.0 comm-0.2.2 contourpy-1.3.1 cycler-0.12.1 debugpy-1.8.13 decorator-5.2.1 defusedxml-0.7.1 executing-2.2.0 fastjsonschema-2.21.1 fonttools-4.57.0 fqdn-1.5.1 frozenlist-1.5.0 fsspec-2025.3.2 grpcio-1.71.0 h11-0.14.0 httpcore-1.0.7 httpx-0.28.1 ipykernel-6.29.5 ipython-9.0.2 ipython-pygments-lexers-1.1.1 ipywidgets-8.1.5 isoduration-20.11.0 jedi-0.19.2 json5-0.12.0 jsonpointer-3.0.0 jsonschema-4.23.0 jsonschema-specifications-2024.10.1 jupyter-client-8.6.3 jupyter-core-5.7.2 jupyter-events-0.12.0 jupyter-lsp-2.2.5 jupyter-server-2.15.0 jupyter-server-terminals-0.5.3 jupyterlab-4.3.6 jupyterlab-pygments-0.3.0 jupyterlab-server-2.27.3 jupyterlab-widgets-3.0.13 kiwisolver-1.4.8 lightning-utilities-0.14.3 markdown-3.7 matplotlib-3.10.1 matplotlib-inline-0.1.7 mistune-3.1.3 multidict-6.3.2 nbclient-0.10.2 nbconvert-7.16.6 nbformat-5.10.4 nest-asyncio-1.6.0 notebook-7.3.3 notebook-shim-0.2.4 overrides-7.7.0 packaging-24.2 pandas-2.2.3 pandocfilters-1.5.1 parso-0.8.4 pexpect-4.9.0 platformdirs-4.3.7 prometheus-client-0.21.1 prompt_toolkit-3.0.50 propcache-0.3.1 protobuf-6.30.2 psutil-7.0.0 ptyprocess-0.7.0 pure-eval-0.2.3 pygments-2.19.1 pyparsing-3.2.3 python-dateutil-2.9.0.post0 python-json-logger-3.3.0 pytorch-lightning-2.4.0 pytz-2025.2 pyzmq-26.4.0 referencing-0.36.2 rfc3339-validator-0.1.4 rfc3986-validator-0.1.1 rpds-py-0.24.0 seaborn-0.13.2 send2trash-1.8.3 six-1.17.0 sniffio-1.3.1 soupsieve-2.6 stack_data-0.6.3 sympy-1.13.1 tabulate-0.9.0 tensorboard-2.17.1 tensorboard-data-server-0.7.2 terminado-0.18.1 tinycss2-1.4.0 torchmetrics-1.7.0 tornado-6.4.2 tqdm-4.67.1 traitlets-5.14.3 types-python-dateutil-2.9.0.20241206 tzdata-2025.2 uri-template-1.3.0 wcwidth-0.2.13 webcolors-24.11.1 webencodings-0.5.1 websocket-client-1.8.0 werkzeug-3.1.3 widgetsnbextension-4.0.13 yarl-1.19.0

done
#
# To activate this environment, use
#
#     $ conda activate ecg
#
# To deactivate an active environment, use
#
#     $ conda deactivate


JOB STATISTICS
==============
Job ID: 11006875
Cluster: snellius
User/Group: ddgraaf/ddgraaf
State: RUNNING
Nodes: 1
Cores per node: 9
CPU Utilized: 00:00:00
CPU Efficiency: 0.00% of 00:55:21 core-walltime
Job Wall-clock time: 00:06:09
Memory Utilized: 0.00 MB
Memory Efficiency: 0.00% of 60.00 GB (60.00 GB/node)
WARNING: Efficiency statistics can only be obtained after the job has ended as seff tool is based on the accounting database data.
